<?xml version="1.0" encoding="UTF-8"?>
<testsuite xmlns:xsi="http://www.w3.org/2001/XMLSchema-instance" xsi:noNamespaceSchemaLocation="https://maven.apache.org/surefire/maven-surefire-plugin/xsd/surefire-test-report-3.0.xsd" version="3.0" name="ParallelPackege.TestParallelRunner" time="99.389" tests="6" errors="0" skipped="0" failures="0">
  <properties>
[...]
</properties>
  <testcase name="runScenario[&quot;Login With Mobile number&quot;, &quot;Login Page Feature&quot;](1)" classname="ParallelPackege.TestParallelRunner" time="15.668">
    <system-out><![CDATA[
Scenario: User Chooses the Loksabha data entry # src/src/test/resurces/ParallelPackege/Homepage.feature:30

Scenario: Login With Email ID           # src/src/test/resurces/ParallelPackege/login.feature:18

Scenario: User Chooses the AbhiyanPradesh data entry # src/src/test/resurces/ParallelPackege/Homepage.feature:25

Scenario: Login With Mobile number # src/src/test/resurces/ParallelPackege/login.feature:3

Scenario: User Chooses the Abhiyan data entry  # src/src/test/resurces/ParallelPackege/Homepage.feature:14

Scenario: Profile page section                 # src/src/test/resurces/ParallelPackege/Homepage.feature:8
  Given User is on login page      # ParallelPackege.LoginSteps.user_is_on_login_page()
  When User enters mobile Number   # ParallelPackege.LoginSteps.user_enters_mobile_Number(io.cucumber.datatable.DataTable)
    | Moble | 6920001453 |
  And User click on OTP nbutton    # ParallelPackege.LoginSteps.user_click_on_otp_nbutton()
  Given User is on login page           # ParallelPackege.LoginSteps.user_is_on_login_page()
  When User enters EmailID and Password # ParallelPackege.LoginSteps.user_enters_EmailID_and_Password(io.cucumber.datatable.DataTable)
    | EmailID                | Password |
    | statemager12@gmail.com | Test@123 |
  And User click on OTP nbutton         # ParallelPackege.LoginSteps.user_click_on_otp_nbutton()
  And User enters otp              # ParallelPackege.LoginSteps.user_enters_otp(io.cucumber.datatable.DataTable)
    | Otp_String                | otp    |
    | //input[@type='password'] | 010203 |
  And User click on login button   # ParallelPackege.LoginSteps.user_click_on_login_button()
]]></system-out>
    <system-err><![CDATA[SLF4J: Failed to load class "org.slf4j.impl.StaticLoggerBinder".
SLF4J: Defaulting to no-operation (NOP) logger implementation
SLF4J: See http://www.slf4j.org/codes.html#StaticLoggerBinder for further details.
Sep 21, 2023 11:53:33 AM org.openqa.selenium.manager.SeleniumManager lambda$runCommand$1
INFO: Driver path: C:\Users\user\.cache\selenium\chromedriver\win64\116.0.5845.96\chromedriver.exe
Sep 21, 2023 11:53:33 AM org.openqa.selenium.manager.SeleniumManager lambda$runCommand$1
INFO: Driver path: C:\Users\user\.cache\selenium\chromedriver\win64\116.0.5845.96\chromedriver.exe
Sep 21, 2023 11:53:33 AM org.openqa.selenium.manager.SeleniumManager lambda$runCommand$1
INFO: Driver path: C:\Users\user\.cache\selenium\chromedriver\win64\116.0.5845.96\chromedriver.exe
Sep 21, 2023 11:53:33 AM org.openqa.selenium.manager.SeleniumManager lambda$runCommand$1
INFO: Driver path: C:\Users\user\.cache\selenium\chromedriver\win64\116.0.5845.96\chromedriver.exe
Sep 21, 2023 11:53:33 AM org.openqa.selenium.manager.SeleniumManager lambda$runCommand$1
INFO: Driver path: C:\Users\user\.cache\selenium\chromedriver\win64\116.0.5845.96\chromedriver.exe
Sep 21, 2023 11:53:33 AM org.openqa.selenium.manager.SeleniumManager lambda$runCommand$1
INFO: Driver path: C:\Users\user\.cache\selenium\chromedriver\win64\116.0.5845.96\chromedriver.exe
Sep 21, 2023 11:53:33 AM org.openqa.selenium.manager.SeleniumManager lambda$runCommand$1
INFO: Browser path: C:\Program Files\Google\Chrome\Application\chrome.exe
Sep 21, 2023 11:53:33 AM org.openqa.selenium.manager.SeleniumManager lambda$runCommand$1
INFO: Browser path: C:\Program Files\Google\Chrome\Application\chrome.exe
Sep 21, 2023 11:53:33 AM org.openqa.selenium.manager.SeleniumManager lambda$runCommand$1
INFO: Browser path: C:\Program Files\Google\Chrome\Application\chrome.exe
Sep 21, 2023 11:53:33 AM org.openqa.selenium.manager.SeleniumManager lambda$runCommand$1
INFO: Browser path: C:\Program Files\Google\Chrome\Application\chrome.exe
Sep 21, 2023 11:53:33 AM org.openqa.selenium.manager.SeleniumManager lambda$runCommand$1
INFO: Browser path: C:\Program Files\Google\Chrome\Application\chrome.exe
Sep 21, 2023 11:53:33 AM org.openqa.selenium.manager.SeleniumManager lambda$runCommand$1
INFO: Browser path: C:\Program Files\Google\Chrome\Application\chrome.exe
Sep 21, 2023 11:53:47 AM org.openqa.selenium.remote.http.WebSocket$Listener onError
WARNING: Connection reset
java.net.SocketException: Connection reset
	at java.base/sun.nio.ch.SocketChannelImpl.throwConnectionReset(SocketChannelImpl.java:394)
	at java.base/sun.nio.ch.SocketChannelImpl.read(SocketChannelImpl.java:426)
	at io.netty.buffer.PooledByteBuf.setBytes(PooledByteBuf.java:254)
	at io.netty.buffer.AbstractByteBuf.writeBytes(AbstractByteBuf.java:1132)
	at io.netty.channel.socket.nio.NioSocketChannel.doReadBytes(NioSocketChannel.java:357)
	at io.netty.channel.nio.AbstractNioByteChannel$NioByteUnsafe.read(AbstractNioByteChannel.java:151)
	at io.netty.channel.nio.NioEventLoop.processSelectedKey(NioEventLoop.java:788)
	at io.netty.channel.nio.NioEventLoop.processSelectedKeysOptimized(NioEventLoop.java:724)
	at io.netty.channel.nio.NioEventLoop.processSelectedKeys(NioEventLoop.java:650)
	at io.netty.channel.nio.NioEventLoop.run(NioEventLoop.java:562)
	at io.netty.util.concurrent.SingleThreadEventExecutor$4.run(SingleThreadEventExecutor.java:997)
	at io.netty.util.internal.ThreadExecutorMap$2.run(ThreadExecutorMap.java:74)
	at io.netty.util.concurrent.FastThreadLocalRunnable.run(FastThreadLocalRunnable.java:30)
	at java.base/java.lang.Thread.run(Thread.java:833)

]]></system-err>
  </testcase>
  <testcase name="runScenario[&quot;Login With Email ID&quot;, &quot;Login Page Feature&quot;](2)" classname="ParallelPackege.TestParallelRunner" time="18.917">
    <system-out><![CDATA[  Given User has already logged into the Saral # ParallelPackege.AbhiyanDataEntrySteps.user_has_already_logged_into_the_saral(io.cucumber.datatable.DataTable)
    | EmailID                | Password | [empty] | Otp_String                | otp    |
    | statemager12@gmail.com | Test@123 | [empty] | //input[@type='password'] | 010203 |
  Given User is on Homepage                    # ParallelPackege.AbhiyanDataEntrySteps.user_is_on_homepage()
  When user click on profile page              # ParallelPackege.AbhiyanDataEntrySteps.user_click_on_profile_page()
  Given User has already logged into the Saral # ParallelPackege.AbhiyanDataEntrySteps.user_has_already_logged_into_the_saral(io.cucumber.datatable.DataTable)
    | EmailID                | Password | [empty] | Otp_String                | otp    |
    | statemager12@gmail.com | Test@123 | [empty] | //input[@type='password'] | 010203 |
  Given User is on Homepage                    # ParallelPackege.AbhiyanDataEntrySteps.user_is_on_homepage()
  And User enters otp                   # ParallelPackege.LoginSteps.user_enters_otp(io.cucumber.datatable.DataTable)
    | Otp_String                | otp    |
    | //input[@type='password'] | 010203 |
  And User click on login button        # ParallelPackege.LoginSteps.user_click_on_login_button()
  Given User has already logged into the Saral # ParallelPackege.AbhiyanDataEntrySteps.user_has_already_logged_into_the_saral(io.cucumber.datatable.DataTable)
    | EmailID                | Password | [empty] | Otp_String                | otp    |
    | statemager12@gmail.com | Test@123 | [empty] | //input[@type='password'] | 010203 |
  Given User is on Homepage                    # ParallelPackege.AbhiyanDataEntrySteps.user_is_on_homepage()
]]></system-out>
  </testcase>
  <testcase name="runScenario[&quot;Profile page section&quot;, &quot;Homepage Feature&quot;](3)" classname="ParallelPackege.TestParallelRunner" time="22.166">
    <system-out><![CDATA[  Given User has already logged into the Saral       # ParallelPackege.AbhiyanDataEntrySteps.user_has_already_logged_into_the_saral(io.cucumber.datatable.DataTable)
    | EmailID                | Password | [empty] | Otp_String                | otp    |
    | statemager12@gmail.com | Test@123 | [empty] | //input[@type='password'] | 010203 |
  Given User is on Homepage                          # ParallelPackege.AbhiyanDataEntrySteps.user_is_on_homepage()
  Then user gets the user name                 # ParallelPackege.AbhiyanDataEntrySteps.user_gets_the_user_name()
]]></system-out>
  </testcase>
  <testcase name="runScenario[&quot;User Chooses the AbhiyanPradesh data entry&quot;, &quot;Homepage Feature&quot;](4)" classname="ParallelPackege.TestParallelRunner" time="75.674">
    <system-out><![CDATA[  When User click on Loksabha Data Entry       # ParallelPackege.AbhiyanDataEntrySteps.User_click_on_Loksabha_Data_Entry()
  When user click on Abhiyan data entry        # ParallelPackege.AbhiyanDataEntrySteps.user_click_on_abhiyan_data_entry()
  When User click on Abhiyanpradesh Data Entry       # ParallelPackege.AbhiyanDataEntrySteps.User_click_on_Abhiyanpradesh_Data_Entry()
User has a nmae :Edjnv Cmmlcbec
User has a Father :Wbcys Jrdtgwwo
User has a nmae :Nkrfu Eztzjwdc
User has a nmae :Yxbdz Kwmnkpos
User has a Father :Oziqq Fydjyuxx
User has a Father :Yrxbf Zfnvxubv
User has a phone number:5986021682
User has a primary number:3361710451
User has a phone number:9959627313
User has a phone number:7904911966
User has a primary number:1041980576
User has a primary number:2485604245
  And User Ennters pradesh Data entry                # ParallelPackege.AbhiyanDataEntrySteps.User_Ennters_pradesh_Data_entry()
]]></system-out>
  </testcase>
  <testcase name="runScenario[&quot;User Chooses the Loksabha data entry&quot;, &quot;Homepage Feature&quot;](5)" classname="ParallelPackege.TestParallelRunner" time="93.669">
    <system-out><![CDATA[List of generated strings:
Nkrfu Eztzjwdc
Yxbdz Kwmnkpos
Oziqq Fydjyuxx
Wbcys Jrdtgwwo
Yrxbf Zfnvxubv
5986021682
3361710451
9959627313
7904911966
1041980576
2485604245
  And User Ennters Loksabha Data entry         # ParallelPackege.AbhiyanDataEntrySteps.User_Ennters_Loksabha_Data_entry()
]]></system-out>
  </testcase>
  <testcase name="runScenario[&quot;User Chooses the Abhiyan data entry&quot;, &quot;Homepage Feature&quot;](6)" classname="ParallelPackege.TestParallelRunner" time="96.415">
    <system-out><![CDATA[User has a ro nmae :Yxbdz Kwmnkpos
User has a ofname:Yrxbf Zfnvxubv
User has a role phn nome :7904911966
User has a role pri :1041980576
List of Fetched strings:
Yxbdz Kwmnkpos
Yrxbf Zfnvxubv
7904911966
1041980576
The two ArrayLists are not equal.
  And User enters the data                     # ParallelPackege.AbhiyanDataEntrySteps.user_enters_the_data(io.cucumber.datatable.DataTable)
    | Name | FatherName | Age | phoneNumber | primaryNumber |
    | Raja | Rajjes     | 23  | 98912324    | 3352522353    |
]]></system-out>
  </testcase>
</testsuite>