<?xml version="1.0" encoding="UTF-8"?>
<testng-results ignored="0" total="6" passed="6" failed="0" skipped="0">
  <reporter-output>
  </reporter-output>
  <suite started-at="2023-09-21T18:01:49 IST" name="Surefire suite" finished-at="2023-09-21T18:04:30 IST" duration-ms="160328">
    <groups>
      <group name="cucumber">
        <method signature="AbstractTestNGCucumberTests.runScenario(io.cucumber.testng.PickleWrapper,io.cucumber.testng.FeatureWrapper)[pri:0, instance:ParallelPackege.TestParallelRunner@942a29c]" name="runScenario" class="io.cucumber.testng.AbstractTestNGCucumberTests"/>
      </group> <!-- cucumber -->
    </groups>
    <test started-at="2023-09-21T18:01:49 IST" name="Surefire test" finished-at="2023-09-21T18:04:30 IST" duration-ms="160328">
      <class name="ParallelPackege.TestParallelRunner">
        <test-method is-config="true" signature="setUpClass(org.testng.ITestContext)[pri:0, instance:ParallelPackege.TestParallelRunner@942a29c]" started-at="2023-09-21T18:01:49 IST" name="setUpClass" finished-at="2023-09-21T18:01:51 IST" duration-ms="1256" status="PASS">
          <params>
            <param index="0">
              <value>
                <![CDATA[org.testng.TestRunner@5db6b9cd]]>
              </value>
            </param>
          </params>
          <reporter-output>
          </reporter-output>
        </test-method> <!-- setUpClass -->
        <test-method signature="runScenario(io.cucumber.testng.PickleWrapper,io.cucumber.testng.FeatureWrapper)[pri:0, instance:ParallelPackege.TestParallelRunner@942a29c]" started-at="2023-09-21T18:01:51 IST" name="runScenario" description="Runs Cucumber Scenarios" data-provider="scenarios" finished-at="2023-09-21T18:02:14 IST" duration-ms="23125" status="PASS">
          <params>
            <param index="0">
              <value>
                <![CDATA["Login With Email ID"]]>
              </value>
            </param>
            <param index="1">
              <value>
                <![CDATA["Login Page Feature"]]>
              </value>
            </param>
          </params>
          <reporter-output>
          </reporter-output>
        </test-method> <!-- runScenario -->
        <test-method signature="runScenario(io.cucumber.testng.PickleWrapper,io.cucumber.testng.FeatureWrapper)[pri:0, instance:ParallelPackege.TestParallelRunner@942a29c]" started-at="2023-09-21T18:01:51 IST" name="runScenario" description="Runs Cucumber Scenarios" data-provider="scenarios" finished-at="2023-09-21T18:02:12 IST" duration-ms="21489" status="PASS">
          <params>
            <param index="0">
              <value>
                <![CDATA["Login With Mobile number"]]>
              </value>
            </param>
            <param index="1">
              <value>
                <![CDATA["Login Page Feature"]]>
              </value>
            </param>
          </params>
          <reporter-output>
          </reporter-output>
        </test-method> <!-- runScenario -->
        <test-method signature="runScenario(io.cucumber.testng.PickleWrapper,io.cucumber.testng.FeatureWrapper)[pri:0, instance:ParallelPackege.TestParallelRunner@942a29c]" started-at="2023-09-21T18:01:51 IST" name="runScenario" description="Runs Cucumber Scenarios" data-provider="scenarios" finished-at="2023-09-21T18:04:25 IST" duration-ms="154139" status="PASS">
          <params>
            <param index="0">
              <value>
                <![CDATA["User Chooses the Abhiyan Vibhag data entry"]]>
              </value>
            </param>
            <param index="1">
              <value>
                <![CDATA["Abhiyan Data Entry Page"]]>
              </value>
            </param>
          </params>
          <reporter-output>
          </reporter-output>
        </test-method> <!-- runScenario -->
        <test-method signature="runScenario(io.cucumber.testng.PickleWrapper,io.cucumber.testng.FeatureWrapper)[pri:0, instance:ParallelPackege.TestParallelRunner@942a29c]" started-at="2023-09-21T18:01:51 IST" name="runScenario" description="Runs Cucumber Scenarios" data-provider="scenarios" finished-at="2023-09-21T18:03:26 IST" duration-ms="95700" status="PASS">
          <params>
            <param index="0">
              <value>
                <![CDATA["User Chooses the Abhiyan Pradesh data entry"]]>
              </value>
            </param>
            <param index="1">
              <value>
                <![CDATA["Abhiyan Data Entry Page"]]>
              </value>
            </param>
          </params>
          <reporter-output>
          </reporter-output>
        </test-method> <!-- runScenario -->
        <test-method signature="runScenario(io.cucumber.testng.PickleWrapper,io.cucumber.testng.FeatureWrapper)[pri:0, instance:ParallelPackege.TestParallelRunner@942a29c]" started-at="2023-09-21T18:01:51 IST" name="runScenario" description="Runs Cucumber Scenarios" data-provider="scenarios" finished-at="2023-09-21T18:02:24 IST" duration-ms="32841" status="PASS">
          <params>
            <param index="0">
              <value>
                <![CDATA["Profile page section"]]>
              </value>
            </param>
            <param index="1">
              <value>
                <![CDATA["Homepage Feature"]]>
              </value>
            </param>
          </params>
          <reporter-output>
          </reporter-output>
        </test-method> <!-- runScenario -->
        <test-method signature="runScenario(io.cucumber.testng.PickleWrapper,io.cucumber.testng.FeatureWrapper)[pri:0, instance:ParallelPackege.TestParallelRunner@942a29c]" started-at="2023-09-21T18:01:51 IST" name="runScenario" description="Runs Cucumber Scenarios" data-provider="scenarios" finished-at="2023-09-21T18:04:27 IST" duration-ms="156248" status="PASS">
          <params>
            <param index="0">
              <value>
                <![CDATA["User Chooses the Abhiyan Loksabha data entry"]]>
              </value>
            </param>
            <param index="1">
              <value>
                <![CDATA["Abhiyan Data Entry Page"]]>
              </value>
            </param>
          </params>
          <reporter-output>
          </reporter-output>
        </test-method> <!-- runScenario -->
        <test-method is-config="true" signature="tearDownClass()[pri:0, instance:ParallelPackege.TestParallelRunner@942a29c]" started-at="2023-09-21T18:04:27 IST" name="tearDownClass" finished-at="2023-09-21T18:04:30 IST" duration-ms="2689" status="PASS">
          <reporter-output>
          </reporter-output>
        </test-method> <!-- tearDownClass -->
      </class> <!-- ParallelPackege.TestParallelRunner -->
    </test> <!-- Surefire test -->
  </suite> <!-- Surefire suite -->
</testng-results>
