<?xml version="1.0" encoding="UTF-8"?>
<testsuite xmlns:xsi="http://www.w3.org/2001/XMLSchema-instance" xsi:noNamespaceSchemaLocation="https://maven.apache.org/surefire/maven-surefire-plugin/xsd/surefire-test-report-3.0.xsd" version="3.0" name="ParallelPackege.TestParallelRunner" time="162.328" tests="6" errors="0" skipped="0" failures="0">
  <properties>
[...]
</properties>
  <testcase name="runScenario[&quot;Login With Mobile number&quot;, &quot;Login Page Feature&quot;](1)" classname="ParallelPackege.TestParallelRunner" time="21.487">
    <system-out><![CDATA[
Scenario: User Chooses the Abhiyan Pradesh data entry # src/src/test/resources/ParallelPackege/AbhiyanDataEntry.feature:17

Scenario: Login With Email ID           # src/src/test/resources/ParallelPackege/login.feature:18

Scenario: User Chooses the Abhiyan Loksabha data entry # src/src/test/resources/ParallelPackege/AbhiyanDataEntry.feature:22

Scenario: Login With Mobile number # src/src/test/resources/ParallelPackege/login.feature:3

Scenario: User Chooses the Abhiyan Vibhag data entry # src/src/test/resources/ParallelPackege/AbhiyanDataEntry.feature:9

Scenario: Profile page section                 # src/src/test/resources/ParallelPackege/Homepage.feature:8
  Given User is on login page      # ParallelPackege.LoginSteps.user_is_on_login_page()
  When User enters mobile Number   # ParallelPackege.LoginSteps.user_enters_mobile_Number(io.cucumber.datatable.DataTable)
    | Moble | 6920001453 |
  And User click on OTP nbutton    # ParallelPackege.LoginSteps.user_click_on_otp_nbutton()
  Given User is on login page           # ParallelPackege.LoginSteps.user_is_on_login_page()
  When User enters EmailID and Password # ParallelPackege.LoginSteps.user_enters_EmailID_and_Password(io.cucumber.datatable.DataTable)
    | EmailID                | Password |
    | statemager12@gmail.com | Test@123 |
  And User click on OTP nbutton         # ParallelPackege.LoginSteps.user_click_on_otp_nbutton()
  Given User has already logged into the Saral        # ParallelPackege.AbhiyanDataEntrySteps.user_has_already_logged_into_the_saral(io.cucumber.datatable.DataTable)
    | EmailID                | Password | [empty] | Otp_String                | otp    |
    | statemager12@gmail.com | Test@123 | [empty] | //input[@type='password'] | 010203 |
  Given User is on Homepage                           # ParallelPackege.AbhiyanDataEntrySteps.user_is_on_homepage()
  And User enters otp              # ParallelPackege.LoginSteps.user_enters_otp(io.cucumber.datatable.DataTable)
    | Otp_String                | otp    |
    | //input[@type='password'] | 010203 |
  And User click on login button   # ParallelPackege.LoginSteps.user_click_on_login_button()
  Given User has already logged into the Saral         # ParallelPackege.AbhiyanDataEntrySteps.user_has_already_logged_into_the_saral(io.cucumber.datatable.DataTable)
    | EmailID                | Password | [empty] | Otp_String                | otp    |
    | statemager12@gmail.com | Test@123 | [empty] | //input[@type='password'] | 010203 |
  Given User has already logged into the Saral # ParallelPackege.AbhiyanDataEntrySteps.user_has_already_logged_into_the_saral(io.cucumber.datatable.DataTable)
    | EmailID                | Password | [empty] | Otp_String                | otp    |
    | statemager12@gmail.com | Test@123 | [empty] | //input[@type='password'] | 010203 |
  Given User is on Homepage                    # ParallelPackege.AbhiyanDataEntrySteps.user_is_on_homepage()
  Given User is on Homepage                            # ParallelPackege.AbhiyanDataEntrySteps.user_is_on_homepage()
  When user click on profile page              # ParallelPackege.AbhiyanDataEntrySteps.user_click_on_profile_page()
]]></system-out>
    <system-err><![CDATA[SLF4J: Failed to load class "org.slf4j.impl.StaticLoggerBinder".
SLF4J: Defaulting to no-operation (NOP) logger implementation
SLF4J: See http://www.slf4j.org/codes.html#StaticLoggerBinder for further details.
Sep 21, 2023 6:01:52 PM org.openqa.selenium.manager.SeleniumManager lambda$runCommand$1
INFO: Driver path: C:\Users\user\.cache\selenium\chromedriver\win64\116.0.5845.96\chromedriver.exe
Sep 21, 2023 6:01:52 PM org.openqa.selenium.manager.SeleniumManager lambda$runCommand$1
INFO: Driver path: C:\Users\user\.cache\selenium\chromedriver\win64\116.0.5845.96\chromedriver.exe
Sep 21, 2023 6:01:52 PM org.openqa.selenium.manager.SeleniumManager lambda$runCommand$1
INFO: Driver path: C:\Users\user\.cache\selenium\chromedriver\win64\116.0.5845.96\chromedriver.exe
Sep 21, 2023 6:01:52 PM org.openqa.selenium.manager.SeleniumManager lambda$runCommand$1
INFO: Driver path: C:\Users\user\.cache\selenium\chromedriver\win64\116.0.5845.96\chromedriver.exe
Sep 21, 2023 6:01:52 PM org.openqa.selenium.manager.SeleniumManager lambda$runCommand$1
INFO: Driver path: C:\Users\user\.cache\selenium\chromedriver\win64\116.0.5845.96\chromedriver.exe
Sep 21, 2023 6:01:52 PM org.openqa.selenium.manager.SeleniumManager lambda$runCommand$1
INFO: Driver path: C:\Users\user\.cache\selenium\chromedriver\win64\116.0.5845.96\chromedriver.exe
Sep 21, 2023 6:01:52 PM org.openqa.selenium.manager.SeleniumManager lambda$runCommand$1
INFO: Browser path: C:\Program Files\Google\Chrome\Application\chrome.exe
Sep 21, 2023 6:01:52 PM org.openqa.selenium.manager.SeleniumManager lambda$runCommand$1
INFO: Browser path: C:\Program Files\Google\Chrome\Application\chrome.exe
Sep 21, 2023 6:01:52 PM org.openqa.selenium.manager.SeleniumManager lambda$runCommand$1
INFO: Browser path: C:\Program Files\Google\Chrome\Application\chrome.exe
Sep 21, 2023 6:01:52 PM org.openqa.selenium.manager.SeleniumManager lambda$runCommand$1
INFO: Browser path: C:\Program Files\Google\Chrome\Application\chrome.exe
Sep 21, 2023 6:01:52 PM org.openqa.selenium.manager.SeleniumManager lambda$runCommand$1
INFO: Browser path: C:\Program Files\Google\Chrome\Application\chrome.exe
Sep 21, 2023 6:01:52 PM org.openqa.selenium.manager.SeleniumManager lambda$runCommand$1
INFO: Browser path: C:\Program Files\Google\Chrome\Application\chrome.exe
Sep 21, 2023 6:02:12 PM org.openqa.selenium.remote.http.WebSocket$Listener onError
WARNING: Connection reset
java.net.SocketException: Connection reset
	at java.base/sun.nio.ch.SocketChannelImpl.throwConnectionReset(SocketChannelImpl.java:394)
	at java.base/sun.nio.ch.SocketChannelImpl.read(SocketChannelImpl.java:426)
	at io.netty.buffer.PooledByteBuf.setBytes(PooledByteBuf.java:254)
	at io.netty.buffer.AbstractByteBuf.writeBytes(AbstractByteBuf.java:1132)
	at io.netty.channel.socket.nio.NioSocketChannel.doReadBytes(NioSocketChannel.java:357)
	at io.netty.channel.nio.AbstractNioByteChannel$NioByteUnsafe.read(AbstractNioByteChannel.java:151)
	at io.netty.channel.nio.NioEventLoop.processSelectedKey(NioEventLoop.java:788)
	at io.netty.channel.nio.NioEventLoop.processSelectedKeysOptimized(NioEventLoop.java:724)
	at io.netty.channel.nio.NioEventLoop.processSelectedKeys(NioEventLoop.java:650)
	at io.netty.channel.nio.NioEventLoop.run(NioEventLoop.java:562)
	at io.netty.util.concurrent.SingleThreadEventExecutor$4.run(SingleThreadEventExecutor.java:997)
	at io.netty.util.internal.ThreadExecutorMap$2.run(ThreadExecutorMap.java:74)
	at io.netty.util.concurrent.FastThreadLocalRunnable.run(FastThreadLocalRunnable.java:30)
	at java.base/java.lang.Thread.run(Thread.java:833)

]]></system-err>
  </testcase>
  <testcase name="runScenario[&quot;Login With Email ID&quot;, &quot;Login Page Feature&quot;](2)" classname="ParallelPackege.TestParallelRunner" time="23.126">
    <system-out><![CDATA[  Given User has already logged into the Saral       # ParallelPackege.AbhiyanDataEntrySteps.user_has_already_logged_into_the_saral(io.cucumber.datatable.DataTable)
    | EmailID                | Password | [empty] | Otp_String                | otp    |
    | statemager12@gmail.com | Test@123 | [empty] | //input[@type='password'] | 010203 |
  Given User is on Homepage                          # ParallelPackege.AbhiyanDataEntrySteps.user_is_on_homepage()
  And User enters otp                   # ParallelPackege.LoginSteps.user_enters_otp(io.cucumber.datatable.DataTable)
    | Otp_String                | otp    |
    | //input[@type='password'] | 010203 |
  And User click on login button        # ParallelPackege.LoginSteps.user_click_on_login_button()
]]></system-out>
  </testcase>
  <testcase name="runScenario[&quot;Profile page section&quot;, &quot;Homepage Feature&quot;](3)" classname="ParallelPackege.TestParallelRunner" time="32.833">
    <system-out><![CDATA[  When User click on Abhiyan Pradesh Data Entry       # ParallelPackege.AbhiyanDataEntrySteps.User_click_on_Abhiyan_Pradesh_Data_Entry()
  When User click on Abhiyan Loksabha Data Entry       # ParallelPackege.AbhiyanDataEntrySteps.User_click_on_Abhiyan_Loksabha_Data_Entry()
  Then user gets the user name                 # ParallelPackege.AbhiyanDataEntrySteps.user_gets_the_user_name()
  When user click on Abhiyan Vibhag data entry       # ParallelPackege.AbhiyanDataEntrySteps.user_click_on_Abhiyan_Vibhag_data_entry()
]]></system-out>
  </testcase>
  <testcase name="runScenario[&quot;User Chooses the Abhiyan Pradesh data entry&quot;, &quot;Abhiyan Data Entry Page&quot;](4)" classname="ParallelPackege.TestParallelRunner" time="95.692">
    <system-out><![CDATA[User has a nmae :Efjzy Todrlqrp
User has a nmae :Xadcv Zmujekit
User has a Father :Fgcme Diychbfk
User has a nmae :Luuic Mtvuuhbb
User has a Father :Ciqpo Jauvldvp
User has a Father :Hltud Tyrbfnph
User has a phone number:6567967220
User has a primary number:3002343089
User has a phone number:7421859636
User has a phone number:7757762708
User has a primary number:3509739624
User has a primary number:3292846292
  And User Enters Abhiyan Pradesh Data entry          # ParallelPackege.AbhiyanDataEntrySteps.User_Enters_Abhiyan_Pradesh_Data_entry()
]]></system-out>
  </testcase>
  <testcase name="runScenario[&quot;User Chooses the Abhiyan Vibhag data entry&quot;, &quot;Abhiyan Data Entry Page&quot;](5)" classname="ParallelPackege.TestParallelRunner" time="154.132">
    <system-out><![CDATA[List of generated strings:
Xadcv Zmujekit
Fgcme Diychbfk
Luuic Mtvuuhbb
6567967220
3002343089
Ciqpo Jauvldvp
Hltud Tyrbfnph
7421859636
7757762708
3509739624
3292846292
User has a ro nmae :Luuic Mtvuuhbb
User has a ofname:Hltud Tyrbfnph
User has a role phn nome :7421859636
User has a role pri :3509739624
List of Fetched strings:
Luuic Mtvuuhbb
Hltud Tyrbfnph
7421859636
3509739624
The two ArrayLists are not equal.
  And User enters the data                           # ParallelPackege.AbhiyanDataEntrySteps.user_enters_the_data()
]]></system-out>
  </testcase>
  <testcase name="runScenario[&quot;User Chooses the Abhiyan Loksabha data entry&quot;, &quot;Abhiyan Data Entry Page&quot;](6)" classname="ParallelPackege.TestParallelRunner" time="156.24">
    <system-out><![CDATA[  And User Enters Abhiyan Loksabha Data entry          # ParallelPackege.AbhiyanDataEntrySteps.User_Enters_Abhiyan_Loksabha_Data_entry()
]]></system-out>
  </testcase>
</testsuite>